<?xml version="1.0" encoding="UTF-8"?>
<!-- Generated by org.testng.reporters.JUnitReportReporter -->
<testsuite hostname="DESKTOP-1U92PBD" failures="0" tests="3" name="javaassign.Limittwo" time="0.017" errors="0" timestamp="2022-12-05T15:58:39 CST" skipped="0">
  <testcase classname="javaassign.Limittwo" name="testing1" time="0.015"/>
  <system-out/>
  <testcase classname="javaassign.Limittwo" name="testing3" time="0.001"/>
  <system-out/>
  <testcase classname="javaassign.Limittwo" name="testing2" time="0.001"/>
  <system-out/>
</testsuite> <!-- javaassign.Limittwo -->
